<?xml version='1.0' encoding='UTF-8'?>
<testsuites>
  <testsuite name="Test Suite" device="iPhone 17 Pro - iOS 26.2 - B03E429D-0422-4357-B754-536637D979F9" tests="1" failures="0" time="16.0">
    <testcase id="flow_extractor_captures_age_canton" name="flow_extractor_captures_age_canton" classname="flow_extractor_captures_age_canton" time="16.0" status="SUCCESS">
      <properties>
        <property name="tags" value="phase-91, gate-g1, extractor, extractor-v2, anonymous-chat, gap-closure-91-04, strict-3-fact"/>
      </properties>
    </testcase>
  </testsuite>
</testsuites>
