<?xml version='1.0' encoding='UTF-8'?>
<testsuites>
  <testsuite name="Test Suite" device="iPhone 17 Pro - iOS 26.2 - B03E429D-0422-4357-B754-536637D979F9" tests="1" failures="1" time="39.0">
    <testcase id="cjt018_s005_full_path_id_recheck" name="cjt018_s005_full_path_id_recheck" classname="cjt018_s005_full_path_id_recheck" time="39.0" status="ERROR">
      <properties>
        <property name="tags" value="phase-97, phase-97-w7, bug-s005, regression, navigation, feature:navigation, archetype:all"/>
      </properties>
      <failure>Element not found: Id matching regex: onboarding-insight-view</failure>
    </testcase>
  </testsuite>
</testsuites>
