<?xml version='1.0' encoding='UTF-8'?>
<testsuites>
  <testsuite name="Test Suite" device="iPhone 17 Pro - iOS 26.2 - B03E429D-0422-4357-B754-536637D979F9" tests="1" failures="0" time="72.0">
    <testcase id="flow_jos001_account_lifecycle_seeded_delete" name="flow_jos001_account_lifecycle_seeded_delete" classname="flow_jos001_account_lifecycle_seeded_delete" time="72.0" status="SUCCESS">
      <properties>
        <property name="tags" value="jos-001, account-lifecycle, recovery, privacy-controls, delete-account, runtime, maestro-proof"/>
      </properties>
    </testcase>
  </testsuite>
</testsuites>
