<?xml version='1.0' encoding='UTF-8'?>
<testsuites>
  <testsuite name="Test Suite" device="iPhone 16e - iOS 26.2 - 9C9E9AAE-C3CF-49B8-B06D-625004880A9B" tests="1" failures="0" time="98.0">
    <testcase id="flow_money_trust_chain_budget_mon_argent_rapport_coach" name="flow_money_trust_chain_budget_mon_argent_rapport_coach" classname="flow_money_trust_chain_budget_mon_argent_rapport_coach" time="98.0" status="SUCCESS">
      <properties>
        <property name="tags" value="money-trust-chain, budget, mon-argent, rapport, coach, maestro-proof"/>
      </properties>
    </testcase>
  </testsuite>
</testsuites>
