<?xml version='1.0' encoding='UTF-8'?>
<testsuites>
  <testsuite name="Test Suite" device="iPhone 17 Pro - iOS 26.2 - B03E429D-0422-4357-B754-536637D979F9" tests="1" failures="1" time="10.0">
    <testcase id="flow_card_action_intent_bar" name="flow_card_action_intent_bar" classname="flow_card_action_intent_bar" time="10.0" status="ERROR">
      <properties>
        <property name="tags" value="phase-96, gate-g1, chat-as-verb, turn-cap, mint-card-action-bar, mint-chat-overlay"/>
      </properties>
      <failure>Assertion is false: ".*Aujourd'hui.*" is visible</failure>
    </testcase>
  </testsuite>
</testsuites>
