<?xml version='1.0' encoding='UTF-8'?>
<testsuites>
  <testsuite name="Test Suite" device="iPhone 17 Pro - iOS 26.2 - B03E429D-0422-4357-B754-536637D979F9" tests="1" failures="0" time="25.0">
    <testcase id="flow_row16_coach_route_to_screen_runtime" name="flow_row16_coach_route_to_screen_runtime" classname="flow_row16_coach_route_to_screen_runtime" time="25.0" status="SUCCESS">
      <properties>
        <property name="tags" value="row-16, coach-route-to-screen, route-to-screen, maestro-proof"/>
      </properties>
    </testcase>
  </testsuite>
</testsuites>
