<?xml version='1.0' encoding='UTF-8'?>
<testsuites>
  <testsuite name="Test Suite" device="iPhone 17 Pro - iOS 26.2 - B03E429D-0422-4357-B754-536637D979F9" tests="1" failures="0" time="38.0">
    <testcase id="flow_g2_julien_walkthrough" name="flow_g2_julien_walkthrough" classname="flow_g2_julien_walkthrough" time="38.0" status="SUCCESS">
      <properties>
        <property name="tags" value="phase-91, gate-g2, extractor-v2, anonymous-chat, julien-walkthrough, multi-turn"/>
      </properties>
    </testcase>
  </testsuite>
</testsuites>
