<?xml version='1.0' encoding='UTF-8'?>
<testsuites>
  <testsuite name="Test Suite" device="MINT iPhone 13 mini RvC - iOS 26.2 - 3D0534A9-8C3A-4663-9348-106D0599E9D6" tests="1" failures="0" time="16.0">
    <testcase id="flow_mint2_first_experience_rente_capital_entry" name="flow_mint2_first_experience_rente_capital_entry" classname="flow_mint2_first_experience_rente_capital_entry" time="16.0" status="SUCCESS">
      <properties>
        <property name="tags" value="mint2, first-experience, rente-vs-capital, iphone13mini, runtime-proof"/>
      </properties>
    </testcase>
  </testsuite>
</testsuites>
