<?xml version='1.0' encoding='UTF-8'?>
<testsuites>
  <testsuite name="Test Suite" device="iPhone 17 Pro - iOS 26.2 - B03E429D-0422-4357-B754-536637D979F9" tests="1" failures="0" time="21.0">
    <testcase id="flow_row24_privacy_control_runtime" name="flow_row24_privacy_control_runtime" classname="flow_row24_privacy_control_runtime" time="21.0" status="SUCCESS">
      <properties>
        <property name="tags" value="row-24, privacy-controls, runtime, maestro-proof"/>
      </properties>
    </testcase>
  </testsuite>
</testsuites>
