<?xml version='1.0' encoding='UTF-8'?>
<testsuites>
  <testsuite name="Test Suite" device="iPhone 17 Pro - iOS 26.2 - B03E429D-0422-4357-B754-536637D979F9" tests="1" failures="1" time="48.0">
    <testcase id="flow_rapport_budget_read_model_spine" name="flow_rapport_budget_read_model_spine" classname="flow_rapport_budget_read_model_spine" time="48.0" status="ERROR">
      <properties>
        <property name="tags" value="rapport, budget, read-model, data-spine, maestro-proof"/>
      </properties>
      <failure>Assertion is false: "Commencer" is visible</failure>
    </testcase>
  </testsuite>
</testsuites>
